01:51:43.986 karate.env system property was:  
01:51:44.222 [print] CurrentDate is  20220121
01:51:44.292 [print] The Message ID is:  021/DDINP/Paul/20220121/4342
01:51:44.478 [print] The payload is:  {
  "Document": {
    "_": {
      "CstmrDrctDbtInitn": {
        "GrpHdr": {
          "MsgId": "021/DDINP/Paul/20220121/4342",
          "CreDtTm": "2022-01-20T10:46:53",
          "NbOfTxs": "1",
          "CtrlSum": "12142840202",
          "InitgPty": {
            "Nm": "Paul"
          }
        },
        "PmtInf": {
          "PmtInfId": "Paul2005",
          "PmtMtd": "DD",
          "ReqdColltnDt": "2022-01-20",
          "Cdtr": {
            "Nm": "Thabo",
            "CtctDtls": {
              "PhneNb": "+27-0636821258",
              "EmailAdr": "tester.best@obta.co.za"
            }
          },
          "CdtrAcct": {
            "Id": {
              "Othr": {
                "Id": "118456788"
              }
            }
          },
          "CdtrAgt": {
            "FinInstnId": {
              "ClrSysMmbId": {
                "MmbId": "633005"
              }
            }
          },
          "DrctDbtTxInf": {
            "PmtId": {
              "EndToEndId": "11680478971886"
            },
            "PmtTpInf": {
              "SvcLvl": {
                "Prtry": "BA"
              },
              "LclInstrm": {
                "Prtry": "01"
              },
              "SeqTp": "RCUR",
              "CtgyPurp": {
                "Prtry": "0012"
              }
            },
            "InstdAmt": {
              "_": "120",
              "@": {
                "Ccy": "ZAR"
              }
            },
            "ChrgBr": "SLEV",
            "DrctDbtTx": {
              "MndtRltdInf": {
                "MndtId": "0016202101224814701234"
              }
            },
            "DbtrAgt": {
              "FinInstnId": {
                "ClrSysMmbId": {
                  "MmbId": "633005"
                }
              }
            },
            "Dbtr": {
              "Nm": "Thabo"
            },
            "DbtrAcct": {
              "Id": {
                "Othr": {
                  "Id": "12347895"
                }
              },
              "Tp": {
                "Prtry": "CACC"
              }
            },
            "RmtInf": {
              "Ustrd": "123456789180723542382345",
              "Strd": {
                "RfrdDocInf": {
                  "RltdDt": "2022-01-20"
                }
              }
            }
          }
        }
      }
    },
    "@": {
      "xmlns": "urn:iso:std:iso:20022:tech:xsd:pain.008.001.03"
    }
  }
}

01:51:45.399 request:
1 > POST https://verifye.co.za/response.php
1 > Accept-Encoding: gzip,deflate
1 > Connection: Keep-Alive
1 > Content-Length: 3109
1 > Content-Type: application/xml; charset=UTF-8
1 > Host: verifye.co.za
1 > User-Agent: Apache-HttpClient/4.5.11 (Java/1.8.0_202)
<Document xmlns="urn:iso:std:iso:20022:tech:xsd:pain.008.001.03">
    <CstmrDrctDbtInitn>
        <GrpHdr>
            <MsgId>021/DDINP/Paul/20220121/4342</MsgId>
            <CreDtTm>2022-01-20T10:46:53</CreDtTm>
            <NbOfTxs>1</NbOfTxs>
            <CtrlSum>12142840202</CtrlSum>
            <InitgPty>
                <Nm>Paul</Nm>
            </InitgPty>
        </GrpHdr>
        <PmtInf>
            <PmtInfId>Paul2005</PmtInfId>
            <PmtMtd>DD</PmtMtd>
            <ReqdColltnDt>2022-01-20</ReqdColltnDt>
            <Cdtr>
                <Nm>Thabo</Nm>
                <CtctDtls>
                    <PhneNb>+27-0636821258</PhneNb>
                    <EmailAdr>tester.best@obta.co.za</EmailAdr>
                </CtctDtls>
            </Cdtr>
            <CdtrAcct>
                <Id>
                    <Othr>
                        <Id>118456788</Id>
                    </Othr>
                </Id>
            </CdtrAcct>
            <CdtrAgt>
                <FinInstnId>
                    <ClrSysMmbId>
                        <MmbId>633005</MmbId>
                    </ClrSysMmbId>
                </FinInstnId>
            </CdtrAgt>
            <DrctDbtTxInf>
                <PmtId>
                    <EndToEndId>11680478971886</EndToEndId>
                </PmtId>
                <PmtTpInf>
                    <SvcLvl>
                        <Prtry>BA</Prtry>
                    </SvcLvl>
                    <LclInstrm>
                        <Prtry>01</Prtry>
                    </LclInstrm>
                    <SeqTp>RCUR</SeqTp>
                    <CtgyPurp>
                        <Prtry>0012</Prtry>
                    </CtgyPurp>
                </PmtTpInf>
                <InstdAmt Ccy="ZAR">120</InstdAmt>
                <ChrgBr>SLEV</ChrgBr>
                <DrctDbtTx>
                    <MndtRltdInf>
                        <MndtId>0016202101224814701234</MndtId>
                    </MndtRltdInf>
                </DrctDbtTx>
                <DbtrAgt>
                    <FinInstnId>
                        <ClrSysMmbId>
                            <MmbId>633005</MmbId>
                        </ClrSysMmbId>
                    </FinInstnId>
                </DbtrAgt>
                <Dbtr>
                    <Nm>Thabo</Nm>
                </Dbtr>
                <DbtrAcct>
                    <Id>
                        <Othr>
                            <Id>12347895</Id>
                        </Othr>
                    </Id>
                    <Tp>
                        <Prtry>CACC</Prtry>
                    </Tp>
                </DbtrAcct>
                <RmtInf>
                    <Ustrd>123456789180723542382345</Ustrd>
                    <Strd>
                        <RfrdDocInf>
                            <RltdDt>2022-01-20</RltdDt>
                        </RfrdDocInf>
                    </Strd>
                </RmtInf>
            </DrctDbtTxInf>
        </PmtInf>
    </CstmrDrctDbtInitn>
</Document>

01:51:46.043 response time in milliseconds: 640.86
1 < 200
1 < Connection: keep-alive
1 < Content-Type: application/xml; charset=utf-8
1 < Date: Thu, 20 Jan 2022 23:51:55 GMT
1 < Server: nginx
1 < Transfer-Encoding: chunked
1 < Vary: Accept-Encoding
1 < X-Content-Type-Options: nosniff
1 < X-Server-Powered-By: nginx-ah
1 < X-XSS-Protection: 1; mode=block
<Document xmlns="urn:iso:std:iso:20022:tech:xsd:pain.008.001.03">
    <CstmrDrctDbtInitn>
        <GrpHdr>
            <MsgId>021/DDINP/Paul/20220121/4342</MsgId>
            <CreDtTm>2022-01-20T10:46:53</CreDtTm>
            <NbOfTxs>1</NbOfTxs>
            <CtrlSum>12142840202</CtrlSum>
            <InitgPty>
                <Nm>Paul</Nm>
            </InitgPty>
        </GrpHdr>
        <PmtInf>
            <PmtInfId>Paul2005</PmtInfId>
            <PmtMtd>DD</PmtMtd>
            <ReqdColltnDt>2022-01-20</ReqdColltnDt>
            <Cdtr>
                <Nm>Thabo</Nm>
                <CtctDtls>
                    <PhneNb>+27-0636821258</PhneNb>
                    <EmailAdr>tester.best@obta.co.za</EmailAdr>
                </CtctDtls>
            </Cdtr>
            <CdtrAcct>
                <Id>
                    <Othr>
                        <Id>118456788</Id>
                    </Othr>
                </Id>
            </CdtrAcct>
            <CdtrAgt>
                <FinInstnId>
                    <ClrSysMmbId>
                        <MmbId>633005</MmbId>
                    </ClrSysMmbId>
                </FinInstnId>
            </CdtrAgt>
            <DrctDbtTxInf>
                <PmtId>
                    <EndToEndId>11680478971886</EndToEndId>
                </PmtId>
                <PmtTpInf>
                    <SvcLvl>
                        <Prtry>BA</Prtry>
                    </SvcLvl>
                    <LclInstrm>
                        <Prtry>01</Prtry>
                    </LclInstrm>
                    <SeqTp>RCUR</SeqTp>
                    <CtgyPurp>
                        <Prtry>0012</Prtry>
                    </CtgyPurp>
                </PmtTpInf>
                <InstdAmt Ccy="ZAR">120</InstdAmt>
                <ChrgBr>SLEV</ChrgBr>
                <DrctDbtTx>
                    <MndtRltdInf>
                        <MndtId>0016202101224814701234</MndtId>
                    </MndtRltdInf>
                </DrctDbtTx>
                <DbtrAgt>
                    <FinInstnId>
                        <ClrSysMmbId>
                            <MmbId>633005</MmbId>
                        </ClrSysMmbId>
                    </FinInstnId>
                </DbtrAgt>
                <Dbtr>
                    <Nm>Thabo</Nm>
                </Dbtr>
                <DbtrAcct>
                    <Id>
                        <Othr>
                            <Id>12347895</Id>
                        </Othr>
                    </Id>
                    <Tp>
                        <Prtry>CACC</Prtry>
                    </Tp>
                </DbtrAcct>
                <RmtInf>
                    <Ustrd>123456789180723542382345</Ustrd>
                    <Strd>
                        <RfrdDocInf>
                            <RltdDt>2022-01-20</RltdDt>
                        </RfrdDocInf>
                    </Strd>
                </RmtInf>
            </DrctDbtTxInf>
        </PmtInf>
    </CstmrDrctDbtInitn>
</Document>

