01:51:43.760 [main] INFO  com.intuit.karate.Runner - waiting for parallel features to complete ...
01:51:43.984 [ForkJoinPool-1-worker-2] INFO  com.intuit.karate - karate.env system property was:  
01:51:43.983 [ForkJoinPool-1-worker-1] INFO  com.intuit.karate - karate.env system property was:  
01:51:43.984 [ForkJoinPool-1-worker-3] INFO  com.intuit.karate - karate.env system property was:  
01:51:44.221 [ForkJoinPool-1-worker-2] INFO  com.intuit.karate - [print] CurrentDate is  20220121
01:51:44.221 [ForkJoinPool-1-worker-1] INFO  com.intuit.karate - [print] CurrentDate is  20220121
01:51:44.221 [ForkJoinPool-1-worker-3] INFO  com.intuit.karate - [print] CurrentDate is  20220121
01:51:44.267 [ForkJoinPool-1-worker-2] INFO  com.intuit.karate - [print] The Message ID is:  021/DDINP/Puleng/20220121/1243
01:51:44.268 [ForkJoinPool-1-worker-1] INFO  com.intuit.karate - [print] The Message ID is:  021/DDINP/Puleng/20220121/1075
01:51:44.292 [ForkJoinPool-1-worker-3] INFO  com.intuit.karate - [print] The Message ID is:  021/DDINP/Paul/20220121/4342
01:51:44.478 [ForkJoinPool-1-worker-3] INFO  com.intuit.karate - [print] The payload is:  {
  "Document": {
    "_": {
      "CstmrDrctDbtInitn": {
        "GrpHdr": {
          "MsgId": "021/DDINP/Paul/20220121/4342",
          "CreDtTm": "2022-01-20T10:46:53",
          "NbOfTxs": "1",
          "CtrlSum": "12142840202",
          "InitgPty": {
            "Nm": "Paul"
          }
        },
        "PmtInf": {
          "PmtInfId": "Paul2005",
          "PmtMtd": "DD",
          "ReqdColltnDt": "2022-01-20",
          "Cdtr": {
            "Nm": "Thabo",
            "CtctDtls": {
              "PhneNb": "+27-0636821258",
              "EmailAdr": "tester.best@obta.co.za"
            }
          },
          "CdtrAcct": {
            "Id": {
              "Othr": {
                "Id": "118456788"
              }
            }
          },
          "CdtrAgt": {
            "FinInstnId": {
              "ClrSysMmbId": {
                "MmbId": "633005"
              }
            }
          },
          "DrctDbtTxInf": {
            "PmtId": {
              "EndToEndId": "11680478971886"
            },
            "PmtTpInf": {
              "SvcLvl": {
                "Prtry": "BA"
              },
              "LclInstrm": {
                "Prtry": "01"
              },
              "SeqTp": "RCUR",
              "CtgyPurp": {
                "Prtry": "0012"
              }
            },
            "InstdAmt": {
              "_": "120",
              "@": {
                "Ccy": "ZAR"
              }
            },
            "ChrgBr": "SLEV",
            "DrctDbtTx": {
              "MndtRltdInf": {
                "MndtId": "0016202101224814701234"
              }
            },
            "DbtrAgt": {
              "FinInstnId": {
                "ClrSysMmbId": {
                  "MmbId": "633005"
                }
              }
            },
            "Dbtr": {
              "Nm": "Thabo"
            },
            "DbtrAcct": {
              "Id": {
                "Othr": {
                  "Id": "12347895"
                }
              },
              "Tp": {
                "Prtry": "CACC"
              }
            },
            "RmtInf": {
              "Ustrd": "123456789180723542382345",
              "Strd": {
                "RfrdDocInf": {
                  "RltdDt": "2022-01-20"
                }
              }
            }
          }
        }
      }
    },
    "@": {
      "xmlns": "urn:iso:std:iso:20022:tech:xsd:pain.008.001.03"
    }
  }
}

01:51:44.478 [ForkJoinPool-1-worker-2] INFO  com.intuit.karate - [print] The payload is:  {
  "Document": {
    "_": {
      "CstmrDrctDbtInitn": {
        "GrpHdr": {
          "MsgId": "021/DDINP/Puleng/20220121/1243",
          "CreDtTm": "2021-11-18T10:46:53",
          "NbOfTxs": "3",
          "CtrlSum": "12142835832",
          "InitgPty": {
            "Nm": "puleng"
          }
        },
        "PmtInf": {
          "PmtInfId": "PULENG2005",
          "PmtMtd": "DD",
          "ReqdColltnDt": "2021-11-18",
          "Cdtr": {
            "Nm": "Jensen",
            "CtctDtls": {
              "PhneNb": "+27-0636825482",
              "EmailAdr": "tester.1233@obta.co.za"
            }
          },
          "CdtrAcct": {
            "Id": {
              "Othr": {
                "Id": "123456788"
              }
            }
          },
          "CdtrAgt": {
            "FinInstnId": {
              "ClrSysMmbId": {
                "MmbId": "632005"
              }
            }
          },
          "DrctDbtTxInf": {
            "PmtId": {
              "EndToEndId": "11680410171886"
            },
            "PmtTpInf": {
              "SvcLvl": {
                "Prtry": "AC"
              },
              "LclInstrm": {
                "Prtry": "10"
              },
              "SeqTp": "RCUR",
              "CtgyPurp": {
                "Prtry": "0033"
              }
            },
            "InstdAmt": {
              "_": "100",
              "@": {
                "Ccy": "ZAR"
              }
            },
            "ChrgBr": "SLEV",
            "DrctDbtTx": {
              "MndtRltdInf": {
                "MndtId": "0016202101224814705123"
              }
            },
            "DbtrAgt": {
              "FinInstnId": {
                "ClrSysMmbId": {
                  "MmbId": "632005"
                }
              }
            },
            "Dbtr": {
              "Nm": "JENSEN"
            },
            "DbtrAcct": {
              "Id": {
                "Othr": {
                  "Id": "12345213"
                }
              },
              "Tp": {
                "Prtry": "CACC"
              }
            },
            "RmtInf": {
              "Ustrd": "123456789180723542381243",
              "Strd": {
                "RfrdDocInf": {
                  "RltdDt": "2021-11-18"
                }
              }
            }
          }
        }
      }
    },
    "@": {
      "xmlns": "urn:iso:std:iso:20022:tech:xsd:pain.008.001.03"
    }
  }
}

01:51:44.475 [pool-1-thread-2] INFO  com.intuit.karate.Runner - <<pass>> feature 2 of 2: classpath:features/TestingTagging.feature
01:51:45.398 [ForkJoinPool-1-worker-3] DEBUG com.intuit.karate - request:
1 > POST https://verifye.co.za/response.php
1 > Accept-Encoding: gzip,deflate
1 > Connection: Keep-Alive
1 > Content-Length: 3109
1 > Content-Type: application/xml; charset=UTF-8
1 > Host: verifye.co.za
1 > User-Agent: Apache-HttpClient/4.5.11 (Java/1.8.0_202)
<Document xmlns="urn:iso:std:iso:20022:tech:xsd:pain.008.001.03">
    <CstmrDrctDbtInitn>
        <GrpHdr>
            <MsgId>021/DDINP/Paul/20220121/4342</MsgId>
            <CreDtTm>2022-01-20T10:46:53</CreDtTm>
            <NbOfTxs>1</NbOfTxs>
            <CtrlSum>12142840202</CtrlSum>
            <InitgPty>
                <Nm>Paul</Nm>
            </InitgPty>
        </GrpHdr>
        <PmtInf>
            <PmtInfId>Paul2005</PmtInfId>
            <PmtMtd>DD</PmtMtd>
            <ReqdColltnDt>2022-01-20</ReqdColltnDt>
            <Cdtr>
                <Nm>Thabo</Nm>
                <CtctDtls>
                    <PhneNb>+27-0636821258</PhneNb>
                    <EmailAdr>tester.best@obta.co.za</EmailAdr>
                </CtctDtls>
            </Cdtr>
            <CdtrAcct>
                <Id>
                    <Othr>
                        <Id>118456788</Id>
                    </Othr>
                </Id>
            </CdtrAcct>
            <CdtrAgt>
                <FinInstnId>
                    <ClrSysMmbId>
                        <MmbId>633005</MmbId>
                    </ClrSysMmbId>
                </FinInstnId>
            </CdtrAgt>
            <DrctDbtTxInf>
                <PmtId>
                    <EndToEndId>11680478971886</EndToEndId>
                </PmtId>
                <PmtTpInf>
                    <SvcLvl>
                        <Prtry>BA</Prtry>
                    </SvcLvl>
                    <LclInstrm>
                        <Prtry>01</Prtry>
                    </LclInstrm>
                    <SeqTp>RCUR</SeqTp>
                    <CtgyPurp>
                        <Prtry>0012</Prtry>
                    </CtgyPurp>
                </PmtTpInf>
                <InstdAmt Ccy="ZAR">120</InstdAmt>
                <ChrgBr>SLEV</ChrgBr>
                <DrctDbtTx>
                    <MndtRltdInf>
                        <MndtId>0016202101224814701234</MndtId>
                    </MndtRltdInf>
                </DrctDbtTx>
                <DbtrAgt>
                    <FinInstnId>
                        <ClrSysMmbId>
                            <MmbId>633005</MmbId>
                        </ClrSysMmbId>
                    </FinInstnId>
                </DbtrAgt>
                <Dbtr>
                    <Nm>Thabo</Nm>
                </Dbtr>
                <DbtrAcct>
                    <Id>
                        <Othr>
                            <Id>12347895</Id>
                        </Othr>
                    </Id>
                    <Tp>
                        <Prtry>CACC</Prtry>
                    </Tp>
                </DbtrAcct>
                <RmtInf>
                    <Ustrd>123456789180723542382345</Ustrd>
                    <Strd>
                        <RfrdDocInf>
                            <RltdDt>2022-01-20</RltdDt>
                        </RfrdDocInf>
                    </Strd>
                </RmtInf>
            </DrctDbtTxInf>
        </PmtInf>
    </CstmrDrctDbtInitn>
</Document>

01:51:45.398 [ForkJoinPool-1-worker-2] DEBUG com.intuit.karate - request:
1 > POST https://verifye.co.za/response.php
1 > Accept-Encoding: gzip,deflate
1 > Connection: Keep-Alive
1 > Content-Length: 3117
1 > Content-Type: application/xml; charset=UTF-8
1 > Host: verifye.co.za
1 > User-Agent: Apache-HttpClient/4.5.11 (Java/1.8.0_202)
<Document xmlns="urn:iso:std:iso:20022:tech:xsd:pain.008.001.03">
    <CstmrDrctDbtInitn>
        <GrpHdr>
            <MsgId>021/DDINP/Puleng/20220121/1243</MsgId>
            <CreDtTm>2021-11-18T10:46:53</CreDtTm>
            <NbOfTxs>3</NbOfTxs>
            <CtrlSum>12142835832</CtrlSum>
            <InitgPty>
                <Nm>puleng</Nm>
            </InitgPty>
        </GrpHdr>
        <PmtInf>
            <PmtInfId>PULENG2005</PmtInfId>
            <PmtMtd>DD</PmtMtd>
            <ReqdColltnDt>2021-11-18</ReqdColltnDt>
            <Cdtr>
                <Nm>Jensen</Nm>
                <CtctDtls>
                    <PhneNb>+27-0636825482</PhneNb>
                    <EmailAdr>tester.1233@obta.co.za</EmailAdr>
                </CtctDtls>
            </Cdtr>
            <CdtrAcct>
                <Id>
                    <Othr>
                        <Id>123456788</Id>
                    </Othr>
                </Id>
            </CdtrAcct>
            <CdtrAgt>
                <FinInstnId>
                    <ClrSysMmbId>
                        <MmbId>632005</MmbId>
                    </ClrSysMmbId>
                </FinInstnId>
            </CdtrAgt>
            <DrctDbtTxInf>
                <PmtId>
                    <EndToEndId>11680410171886</EndToEndId>
                </PmtId>
                <PmtTpInf>
                    <SvcLvl>
                        <Prtry>AC</Prtry>
                    </SvcLvl>
                    <LclInstrm>
                        <Prtry>10</Prtry>
                    </LclInstrm>
                    <SeqTp>RCUR</SeqTp>
                    <CtgyPurp>
                        <Prtry>0033</Prtry>
                    </CtgyPurp>
                </PmtTpInf>
                <InstdAmt Ccy="ZAR">100</InstdAmt>
                <ChrgBr>SLEV</ChrgBr>
                <DrctDbtTx>
                    <MndtRltdInf>
                        <MndtId>0016202101224814705123</MndtId>
                    </MndtRltdInf>
                </DrctDbtTx>
                <DbtrAgt>
                    <FinInstnId>
                        <ClrSysMmbId>
                            <MmbId>632005</MmbId>
                        </ClrSysMmbId>
                    </FinInstnId>
                </DbtrAgt>
                <Dbtr>
                    <Nm>JENSEN</Nm>
                </Dbtr>
                <DbtrAcct>
                    <Id>
                        <Othr>
                            <Id>12345213</Id>
                        </Othr>
                    </Id>
                    <Tp>
                        <Prtry>CACC</Prtry>
                    </Tp>
                </DbtrAcct>
                <RmtInf>
                    <Ustrd>123456789180723542381243</Ustrd>
                    <Strd>
                        <RfrdDocInf>
                            <RltdDt>2021-11-18</RltdDt>
                        </RfrdDocInf>
                    </Strd>
                </RmtInf>
            </DrctDbtTxInf>
        </PmtInf>
    </CstmrDrctDbtInitn>
</Document>

01:51:46.041 [ForkJoinPool-1-worker-2] DEBUG com.intuit.karate - response time in milliseconds: 640.58
1 < 200
1 < Connection: keep-alive
1 < Content-Type: application/xml; charset=utf-8
1 < Date: Thu, 20 Jan 2022 23:51:55 GMT
1 < Server: nginx
1 < Transfer-Encoding: chunked
1 < Vary: Accept-Encoding
1 < X-Content-Type-Options: nosniff
1 < X-Server-Powered-By: nginx-ah
1 < X-XSS-Protection: 1; mode=block
<Document xmlns="urn:iso:std:iso:20022:tech:xsd:pain.008.001.03">
    <CstmrDrctDbtInitn>
        <GrpHdr>
            <MsgId>021/DDINP/Puleng/20220121/1243</MsgId>
            <CreDtTm>2021-11-18T10:46:53</CreDtTm>
            <NbOfTxs>3</NbOfTxs>
            <CtrlSum>12142835832</CtrlSum>
            <InitgPty>
                <Nm>puleng</Nm>
            </InitgPty>
        </GrpHdr>
        <PmtInf>
            <PmtInfId>PULENG2005</PmtInfId>
            <PmtMtd>DD</PmtMtd>
            <ReqdColltnDt>2021-11-18</ReqdColltnDt>
            <Cdtr>
                <Nm>Jensen</Nm>
                <CtctDtls>
                    <PhneNb>+27-0636825482</PhneNb>
                    <EmailAdr>tester.1233@obta.co.za</EmailAdr>
                </CtctDtls>
            </Cdtr>
            <CdtrAcct>
                <Id>
                    <Othr>
                        <Id>123456788</Id>
                    </Othr>
                </Id>
            </CdtrAcct>
            <CdtrAgt>
                <FinInstnId>
                    <ClrSysMmbId>
                        <MmbId>632005</MmbId>
                    </ClrSysMmbId>
                </FinInstnId>
            </CdtrAgt>
            <DrctDbtTxInf>
                <PmtId>
                    <EndToEndId>11680410171886</EndToEndId>
                </PmtId>
                <PmtTpInf>
                    <SvcLvl>
                        <Prtry>AC</Prtry>
                    </SvcLvl>
                    <LclInstrm>
                        <Prtry>10</Prtry>
                    </LclInstrm>
                    <SeqTp>RCUR</SeqTp>
                    <CtgyPurp>
                        <Prtry>0033</Prtry>
                    </CtgyPurp>
                </PmtTpInf>
                <InstdAmt Ccy="ZAR">100</InstdAmt>
                <ChrgBr>SLEV</ChrgBr>
                <DrctDbtTx>
                    <MndtRltdInf>
                        <MndtId>0016202101224814705123</MndtId>
                    </MndtRltdInf>
                </DrctDbtTx>
                <DbtrAgt>
                    <FinInstnId>
                        <ClrSysMmbId>
                            <MmbId>632005</MmbId>
                        </ClrSysMmbId>
                    </FinInstnId>
                </DbtrAgt>
                <Dbtr>
                    <Nm>JENSEN</Nm>
                </Dbtr>
                <DbtrAcct>
                    <Id>
                        <Othr>
                            <Id>12345213</Id>
                        </Othr>
                    </Id>
                    <Tp>
                        <Prtry>CACC</Prtry>
                    </Tp>
                </DbtrAcct>
                <RmtInf>
                    <Ustrd>123456789180723542381243</Ustrd>
                    <Strd>
                        <RfrdDocInf>
                            <RltdDt>2021-11-18</RltdDt>
                        </RfrdDocInf>
                    </Strd>
                </RmtInf>
            </DrctDbtTxInf>
        </PmtInf>
    </CstmrDrctDbtInitn>
</Document>

01:51:46.041 [ForkJoinPool-1-worker-3] DEBUG com.intuit.karate - response time in milliseconds: 640.86
1 < 200
1 < Connection: keep-alive
1 < Content-Type: application/xml; charset=utf-8
1 < Date: Thu, 20 Jan 2022 23:51:55 GMT
1 < Server: nginx
1 < Transfer-Encoding: chunked
1 < Vary: Accept-Encoding
1 < X-Content-Type-Options: nosniff
1 < X-Server-Powered-By: nginx-ah
1 < X-XSS-Protection: 1; mode=block
<Document xmlns="urn:iso:std:iso:20022:tech:xsd:pain.008.001.03">
    <CstmrDrctDbtInitn>
        <GrpHdr>
            <MsgId>021/DDINP/Paul/20220121/4342</MsgId>
            <CreDtTm>2022-01-20T10:46:53</CreDtTm>
            <NbOfTxs>1</NbOfTxs>
            <CtrlSum>12142840202</CtrlSum>
            <InitgPty>
                <Nm>Paul</Nm>
            </InitgPty>
        </GrpHdr>
        <PmtInf>
            <PmtInfId>Paul2005</PmtInfId>
            <PmtMtd>DD</PmtMtd>
            <ReqdColltnDt>2022-01-20</ReqdColltnDt>
            <Cdtr>
                <Nm>Thabo</Nm>
                <CtctDtls>
                    <PhneNb>+27-0636821258</PhneNb>
                    <EmailAdr>tester.best@obta.co.za</EmailAdr>
                </CtctDtls>
            </Cdtr>
            <CdtrAcct>
                <Id>
                    <Othr>
                        <Id>118456788</Id>
                    </Othr>
                </Id>
            </CdtrAcct>
            <CdtrAgt>
                <FinInstnId>
                    <ClrSysMmbId>
                        <MmbId>633005</MmbId>
                    </ClrSysMmbId>
                </FinInstnId>
            </CdtrAgt>
            <DrctDbtTxInf>
                <PmtId>
                    <EndToEndId>11680478971886</EndToEndId>
                </PmtId>
                <PmtTpInf>
                    <SvcLvl>
                        <Prtry>BA</Prtry>
                    </SvcLvl>
                    <LclInstrm>
                        <Prtry>01</Prtry>
                    </LclInstrm>
                    <SeqTp>RCUR</SeqTp>
                    <CtgyPurp>
                        <Prtry>0012</Prtry>
                    </CtgyPurp>
                </PmtTpInf>
                <InstdAmt Ccy="ZAR">120</InstdAmt>
                <ChrgBr>SLEV</ChrgBr>
                <DrctDbtTx>
                    <MndtRltdInf>
                        <MndtId>0016202101224814701234</MndtId>
                    </MndtRltdInf>
                </DrctDbtTx>
                <DbtrAgt>
                    <FinInstnId>
                        <ClrSysMmbId>
                            <MmbId>633005</MmbId>
                        </ClrSysMmbId>
                    </FinInstnId>
                </DbtrAgt>
                <Dbtr>
                    <Nm>Thabo</Nm>
                </Dbtr>
                <DbtrAcct>
                    <Id>
                        <Othr>
                            <Id>12347895</Id>
                        </Othr>
                    </Id>
                    <Tp>
                        <Prtry>CACC</Prtry>
                    </Tp>
                </DbtrAcct>
                <RmtInf>
                    <Ustrd>123456789180723542382345</Ustrd>
                    <Strd>
                        <RfrdDocInf>
                            <RltdDt>2022-01-20</RltdDt>
                        </RfrdDocInf>
                    </Strd>
                </RmtInf>
            </DrctDbtTxInf>
        </PmtInf>
    </CstmrDrctDbtInitn>
</Document>

01:51:46.227 [pool-1-thread-1] INFO  com.intuit.karate.Runner - <<pass>> feature 1 of 2: classpath:features/MyFirstTest.feature
